<?xml version='1.0'?>
<ns2:test-suite xmlns:ns2='urn:model.allure.qatools.yandex.ru' start='1625816370600' stop='1625816370620'>
    <name>The Internet Website Homepage: As a user, I can open Internet website</name>
    <title>The Internet Website Homepage: As a user, I can open Internet website</title>
    <test-cases>
        <test-case start='1625816370602' status='passed' stop='1625816370606'>
            <name></name>
            <title></title>
            <labels>
                <label name='language' value='javascript'/>
                <label name='framework' value='wdio'/>
                <label name='thread' value='0-0'/>
            </labels>
            <parameters>
                <parameter kind='argument' name='browser' value='chrome-91.0.4472.124'/>
            </parameters>
            <steps/>
            <attachments/>
        </test-case>
        <test-case start='1625816370607' status='broken' stop='1625816370609'>
            <name>Given I open te browser and load the URLhttps://the-internet.herokuapp.com/</name>
            <title>Given I open te browser and load the URLhttps://the-internet.herokuapp.com/</title>
            <labels>
                <label name='language' value='javascript'/>
                <label name='framework' value='wdio'/>
                <label name='thread' value='0-0'/>
            </labels>
            <parameters>
                <parameter kind='argument' name='browser' value='chrome-91.0.4472.124'/>
            </parameters>
            <steps/>
            <attachments/>
            <failure>
                <message>Step "I open te browser and load the URLhttps://the-internet.herokuapp.com/" is not defined. You can ignore this error by setting cucumberOpts.ignoreUndefinedDefinitions as true.</message>
                <stack-trace>Step "I open te browser and load the URLhttps://the-internet.herokuapp.com/" is not defined. You can ignore this error by setting cucumberOpts.ignoreUndefinedDefinitions as true.
                	at Feature(C:\Users\bvuttur\Desktop\tscucumber\features\home.feature):1:1
                	at Scenario(As a user, I can open Internet website):5:3
                	at Step(I open te browser and load the URL&lt;homepageurl>):7:5
                </stack-trace>
            </failure>
        </test-case>
        <test-case start='1625816370609' status='broken' stop='1625816370616'>
            <name>Then I should see a header with text &lt;headertext></name>
            <title>Then I should see a header with text &lt;headertext></title>
            <labels>
                <label name='language' value='javascript'/>
                <label name='framework' value='wdio'/>
                <label name='thread' value='0-0'/>
            </labels>
            <parameters>
                <parameter kind='argument' name='browser' value='chrome-91.0.4472.124'/>
            </parameters>
            <steps/>
            <attachments/>
            <failure>
                <message>Step "I should see a header with text &lt;headertext>" is not defined. You can ignore this error by setting cucumberOpts.ignoreUndefinedDefinitions as true.</message>
                <stack-trace>Step "I should see a header with text &lt;headertext>" is not defined. You can ignore this error by setting cucumberOpts.ignoreUndefinedDefinitions as true.
                	at Feature(C:\Users\bvuttur\Desktop\tscucumber\features\home.feature):1:1
                	at Scenario(As a user, I can open Internet website):5:3
                	at Step(I should see a header with text &lt;headertext>):8:5
                </stack-trace>
            </failure>
        </test-case>
        <test-case start='1625816370617' status='passed' stop='1625816370618'>
            <name></name>
            <title></title>
            <labels>
                <label name='language' value='javascript'/>
                <label name='framework' value='wdio'/>
                <label name='thread' value='0-0'/>
            </labels>
            <parameters>
                <parameter kind='argument' name='browser' value='chrome-91.0.4472.124'/>
            </parameters>
            <steps/>
            <attachments/>
        </test-case>
    </test-cases>
</ns2:test-suite>